\\banner.main.ad.rit.edu\students\cjl5470\igmprofile\desktop\pizza\ggpdirectx\directx11_starter\directx11_starter\debug\pixelshader.cso
\\banner.main.ad.rit.edu\students\cjl5470\igmprofile\desktop\pizza\ggpdirectx\directx11_starter\directx11_starter\debug\vertexshader.cso
\\banner.main.ad.rit.edu\students\jar5945\igmprofile\desktop\github\ggpdirectx\directx11_starter\directx11_starter\debug\pixelshader.cso
\\banner.main.ad.rit.edu\students\jar5945\igmprofile\desktop\github\ggpdirectx\directx11_starter\directx11_starter\debug\vertexshader.cso
\\banner.main.ad.rit.edu\students\jar5945\igmprofile\desktop\github\ggpdirectx\directx11_starter\directx11_starter\debug\flatpixelshader.cso
\\banner.main.ad.rit.edu\students\jar5945\igmprofile\desktop\github\ggpdirectx\directx11_starter\directx11_starter\debug\flatvertexshader.cso
\\banner.main.ad.rit.edu\students\jar5945\igmprofile\desktop\github\ggpdirectx\directx11_starter\directx11_starter\debug\multitexpixelshader.cso
\\banner.main.ad.rit.edu\students\jar5945\igmprofile\desktop\github\ggpdirectx\directx11_starter\directx11_starter\debug\multitexvertexshader.cso
\\banner.main.ad.rit.edu\students\jar5945\igmprofile\desktop\github\ggpdirectx\directx11_starter\directx11_starter\debug\normalpixelshader.cso
\\banner.main.ad.rit.edu\students\jar5945\igmprofile\desktop\github\ggpdirectx\directx11_starter\directx11_starter\debug\normalvertexshader.cso
\\banner.main.ad.rit.edu\students\jar5945\igmprofile\desktop\github\ggpdirectx\directx11_starter\directx11_starter\debug\phong.cso
\\banner.main.ad.rit.edu\students\jar5945\igmprofile\desktop\github\ggpdirectx\directx11_starter\directx11_starter\debug\phongpixel.cso
\\banner.main.ad.rit.edu\students\pco1853\igmprofile\desktop\ggpdirectx\directx11_starter\directx11_starter\debug\postprocessshader.cso
\\banner.main.ad.rit.edu\students\pco1853\igmprofile\desktop\ggpdirectx\directx11_starter\directx11_starter\debug\flatpixelshader.cso
\\banner.main.ad.rit.edu\students\pco1853\igmprofile\desktop\ggpdirectx\directx11_starter\directx11_starter\debug\flatvertexshader.cso
\\banner.main.ad.rit.edu\students\pco1853\igmprofile\desktop\ggpdirectx\directx11_starter\directx11_starter\debug\multitexpixelshader.cso
\\banner.main.ad.rit.edu\students\pco1853\igmprofile\desktop\ggpdirectx\directx11_starter\directx11_starter\debug\multitexvertexshader.cso
\\banner.main.ad.rit.edu\students\pco1853\igmprofile\desktop\ggpdirectx\directx11_starter\directx11_starter\debug\normalpixelshader.cso
\\banner.main.ad.rit.edu\students\pco1853\igmprofile\desktop\ggpdirectx\directx11_starter\directx11_starter\debug\normalvertexshader.cso
\\banner.main.ad.rit.edu\students\pco1853\igmprofile\desktop\ggpdirectx\directx11_starter\directx11_starter\debug\phong.cso
\\banner.main.ad.rit.edu\students\pco1853\igmprofile\desktop\ggpdirectx\directx11_starter\directx11_starter\debug\phongpixel.cso
\\banner.main.ad.rit.edu\students\pco1853\igmprofile\desktop\ggpdirectx\directx11_starter\directx11_starter\debug\pixelshader.cso
\\banner.main.ad.rit.edu\students\pco1853\igmprofile\desktop\ggpdirectx\directx11_starter\directx11_starter\debug\vertexshader.cso
\\banner.main.ad.rit.edu\students\pco1853\igmprofile\desktop\ggpdirectx\directx11_starter\directx11_starter\debug\postprocesspixelshader.cso
\\banner.main.ad.rit.edu\students\pco1853\igmprofile\desktop\ggpdirectx\directx11_starter\directx11_starter\debug\postprocessvertexshader.cso
\\banner.main.ad.rit.edu\students\cjl5470\igmprofile\desktop\pizza\ggpdirectx\directx11_starter\directx11_starter\debug\directx11_starter.exe
\\banner.main.ad.rit.edu\students\cjl5470\igmprofile\desktop\pizza\ggpdirectx\directx11_starter\directx11_starter\debug\directx11_starter.pdb
\\banner.main.ad.rit.edu\students\jar5945\igmprofile\desktop\github\ggpdirectx\directx11_starter\directx11_starter\debug\directx11_starter.exe
\\banner.main.ad.rit.edu\students\jar5945\igmprofile\desktop\github\ggpdirectx\directx11_starter\directx11_starter\debug\directx11_starter.pdb
\\banner.main.ad.rit.edu\students\pco1853\igmprofile\desktop\ggpdirectx\directx11_starter\directx11_starter\debug\directx11_starter.exe
\\banner.main.ad.rit.edu\students\pco1853\igmprofile\desktop\ggpdirectx\directx11_starter\directx11_starter\debug\directx11_starter.pdb
\\banner.main.ad.rit.edu\students\cjl5470\igmprofile\desktop\pizza\ggpdirectx\directx11_starter\directx11_starter\directx11_starter\debug\vc120.pdb
\\banner.main.ad.rit.edu\students\jar5945\igmprofile\desktop\github\ggpdirectx\directx11_starter\directx11_starter\directx11_starter\debug\vc120.pdb
\\banner.main.ad.rit.edu\students\pco1853\igmprofile\desktop\ggpdirectx\directx11_starter\directx11_starter\directx11_starter\debug\vc120.pdb
\\banner.main.ad.rit.edu\students\pco1853\igmprofile\desktop\ggpdirectx\directx11_starter\directx11_starter\directx11_starter\debug\vc120.idb
\\banner.main.ad.rit.edu\students\pco1853\igmprofile\desktop\ggpdirectx\directx11_starter\directx11_starter\directx11_starter\debug\camera.obj
\\banner.main.ad.rit.edu\students\pco1853\igmprofile\desktop\ggpdirectx\directx11_starter\directx11_starter\directx11_starter\debug\constantbuffer.obj
\\banner.main.ad.rit.edu\students\pco1853\igmprofile\desktop\ggpdirectx\directx11_starter\directx11_starter\directx11_starter\debug\directxgame.obj
\\banner.main.ad.rit.edu\students\pco1853\igmprofile\desktop\ggpdirectx\directx11_starter\directx11_starter\directx11_starter\debug\game.obj
\\banner.main.ad.rit.edu\students\pco1853\igmprofile\desktop\ggpdirectx\directx11_starter\directx11_starter\directx11_starter\debug\gameentity.obj
\\banner.main.ad.rit.edu\students\pco1853\igmprofile\desktop\ggpdirectx\directx11_starter\directx11_starter\directx11_starter\debug\gametimer.obj
\\banner.main.ad.rit.edu\students\pco1853\igmprofile\desktop\ggpdirectx\directx11_starter\directx11_starter\directx11_starter\debug\lighthelper.obj
\\banner.main.ad.rit.edu\students\pco1853\igmprofile\desktop\ggpdirectx\directx11_starter\directx11_starter\directx11_starter\debug\material.obj
\\banner.main.ad.rit.edu\students\pco1853\igmprofile\desktop\ggpdirectx\directx11_starter\directx11_starter\directx11_starter\debug\mesh.obj
\\banner.main.ad.rit.edu\students\pco1853\igmprofile\desktop\ggpdirectx\directx11_starter\directx11_starter\directx11_starter\debug\mydemogame.obj
\\banner.main.ad.rit.edu\students\pco1853\igmprofile\desktop\ggpdirectx\directx11_starter\directx11_starter\directx11_starter\debug\objectloader.obj
\\banner.main.ad.rit.edu\students\pco1853\igmprofile\desktop\ggpdirectx\directx11_starter\directx11_starter\directx11_starter\debug\player.obj
\\banner.main.ad.rit.edu\students\pco1853\igmprofile\desktop\ggpdirectx\directx11_starter\directx11_starter\directx11_starter\debug\projectile.obj
\\banner.main.ad.rit.edu\students\pco1853\igmprofile\desktop\ggpdirectx\directx11_starter\directx11_starter\directx11_starter\debug\rendertextureclass.obj
\\banner.main.ad.rit.edu\students\pco1853\igmprofile\desktop\ggpdirectx\directx11_starter\directx11_starter\directx11_starter\debug\samplerstate.obj
\\banner.main.ad.rit.edu\students\pco1853\igmprofile\desktop\ggpdirectx\directx11_starter\directx11_starter\directx11_starter\debug\shaderprogram.obj
\\banner.main.ad.rit.edu\students\pco1853\igmprofile\desktop\ggpdirectx\directx11_starter\directx11_starter\directx11_starter\debug\state.obj
\\banner.main.ad.rit.edu\students\pco1853\igmprofile\desktop\ggpdirectx\directx11_starter\directx11_starter\directx11_starter\debug\statemanager.obj
\\banner.main.ad.rit.edu\students\pco1853\igmprofile\desktop\ggpdirectx\directx11_starter\directx11_starter\directx11_starter\debug\dxerr.obj
\\banner.main.ad.rit.edu\students\pco1853\igmprofile\desktop\ggpdirectx\directx11_starter\directx11_starter\directx11_starter\debug\directx1.feb50fc0.tlog\fxc.command.1.tlog
\\banner.main.ad.rit.edu\students\pco1853\igmprofile\desktop\ggpdirectx\directx11_starter\directx11_starter\directx11_starter\debug\directx1.feb50fc0.tlog\cl.command.1.tlog
\\banner.main.ad.rit.edu\students\pco1853\igmprofile\desktop\ggpdirectx\directx11_starter\directx11_starter\directx11_starter\debug\directx1.feb50fc0.tlog\fxc.read.1.tlog
\\banner.main.ad.rit.edu\students\pco1853\igmprofile\desktop\ggpdirectx\directx11_starter\directx11_starter\directx11_starter\debug\directx1.feb50fc0.tlog\link.command.1.tlog
\\banner.main.ad.rit.edu\students\pco1853\igmprofile\desktop\ggpdirectx\directx11_starter\directx11_starter\directx11_starter\debug\directx1.feb50fc0.tlog\cl.read.1.tlog
\\banner.main.ad.rit.edu\students\pco1853\igmprofile\desktop\ggpdirectx\directx11_starter\directx11_starter\directx11_starter\debug\directx1.feb50fc0.tlog\link.read.1.tlog
\\banner.main.ad.rit.edu\students\pco1853\igmprofile\desktop\ggpdirectx\directx11_starter\directx11_starter\directx11_starter\debug\directx1.feb50fc0.tlog\directx11_starter.write.1u.tlog
\\banner.main.ad.rit.edu\students\pco1853\igmprofile\desktop\ggpdirectx\directx11_starter\directx11_starter\directx11_starter\debug\directx1.feb50fc0.tlog\link.write.1.tlog
\\banner.main.ad.rit.edu\students\pco1853\igmprofile\desktop\ggpdirectx\directx11_starter\directx11_starter\directx11_starter\debug\directx1.feb50fc0.tlog\cl.write.1.tlog
\\banner.main.ad.rit.edu\students\pco1853\igmprofile\desktop\ggpdirectx\directx11_starter\directx11_starter\directx11_starter\debug\directx1.feb50fc0.tlog\fxc.write.1.tlog
