Build started 10/21/2014 5:58:12 PM.
     1>Project "\\banner.main.ad.rit.edu\students\cjl5470\IGMProfile\Desktop\DirectX11_Starter\DirectX11_Starter\DirectX11_Starter\DirectX11_Starter.vcxproj" on node 2 (Build target(s)).
     1>FxCompile:
         C:\Program Files (x86)\Windows Kits\8.1\bin\x86\fxc.exe /nologo /E"main" /T ps_4_0_level_9_1 /Fo "\\banner.main.ad.rit.edu\students\cjl5470\IGMProfile\Desktop\DirectX11_Starter\DirectX11_Starter\Debug\PixelShader.cso" /Od /Zi Shaders\PixelShader.hlsl 
         compilation object save succeeded; see \\banner.main.ad.rit.edu\students\cjl5470\IGMProfile\Desktop\DirectX11_Starter\DirectX11_Starter\Debug\PixelShader.cso
         C:\Program Files (x86)\Windows Kits\8.1\bin\x86\fxc.exe /nologo /E"main" /T vs_4_0_level_9_1 /Fo "\\banner.main.ad.rit.edu\students\cjl5470\IGMProfile\Desktop\DirectX11_Starter\DirectX11_Starter\Debug\VertexShader.cso" /Od /Zi Shaders\VertexShader.hlsl 
         compilation object save succeeded; see \\banner.main.ad.rit.edu\students\cjl5470\IGMProfile\Desktop\DirectX11_Starter\DirectX11_Starter\Debug\VertexShader.cso
       ClCompile:
         C:\Program Files (x86)\Microsoft Visual Studio 12.0\VC\bin\CL.exe /c /I\\banner.main.ad.rit.edu\students\cjl5470\IGMProfile\Desktop\DirectX11_Starter\DirectX11_Starter\\DirectXTK\inc /ZI /nologo /W3 /WX- /sdl /Od /Oy- /D _UNICODE /D UNICODE /Gm /EHsc /RTC1 /MDd /GS /fp:precise /Zc:wchar_t /Zc:forScope /Fo"Debug\\" /Fd"Debug\vc120.pdb" /Gd /TP /analyze- /errorReport:prompt GameEntity.cpp Material.cpp Mesh.cpp MyDemoGame.cpp dxerr.cpp DirectXGame.cpp GameTimer.cpp SamplerState.cpp
         SamplerState.cpp
     1>\\banner.main.ad.rit.edu\students\cjl5470\igmprofile\desktop\directx11_starter\directx11_starter\directx11_starter\samplerstate.cpp(31): warning C4244: '=' : conversion from 'float' to 'UINT', possible loss of data
         GameTimer.cpp
         DirectXGame.cpp
         dxerr.cpp
         MyDemoGame.cpp
     1>\\banner.main.ad.rit.edu\students\cjl5470\igmprofile\desktop\directx11_starter\directx11_starter\directx11_starter\mydemogame.cpp(342): warning C4018: '<' : signed/unsigned mismatch
         Mesh.cpp
         Material.cpp
         GameEntity.cpp
         Generating Code...
       Link:
         C:\Program Files (x86)\Microsoft Visual Studio 12.0\VC\bin\link.exe /ERRORREPORT:PROMPT /OUT:"\\banner.main.ad.rit.edu\students\cjl5470\IGMProfile\Desktop\DirectX11_Starter\DirectX11_Starter\Debug\DirectX11_Starter.exe" /INCREMENTAL /NOLOGO d3d11.lib d3dcompiler.lib kernel32.lib user32.lib gdi32.lib winspool.lib comdlg32.lib advapi32.lib shell32.lib ole32.lib oleaut32.lib uuid.lib odbc32.lib odbccp32.lib /MANIFEST /MANIFESTUAC:"level='asInvoker' uiAccess='false'" /manifest:embed /DEBUG /PDB:"\\banner.main.ad.rit.edu\students\cjl5470\IGMProfile\Desktop\DirectX11_Starter\DirectX11_Starter\Debug\DirectX11_Starter.pdb" /TLBID:1 /DYNAMICBASE /NXCOMPAT /IMPLIB:"\\banner.main.ad.rit.edu\students\cjl5470\IGMProfile\Desktop\DirectX11_Starter\DirectX11_Starter\Debug\DirectX11_Starter.lib" /MACHINE:X86 Debug\GameEntity.obj
         Debug\Material.obj
         Debug\Mesh.obj
         Debug\MyDemoGame.obj
         Debug\dxerr.obj
         Debug\DirectXGame.obj
         Debug\GameTimer.obj
         Debug\SamplerState.obj
         \\banner.main.ad.rit.edu\students\cjl5470\IGMProfile\Desktop\DirectX11_Starter\DirectX11_Starter\DirectXTK\Bin\Desktop_2013\Win32\Debug\DirectXTK.lib
         DirectX11_Starter.vcxproj -> \\banner.main.ad.rit.edu\students\cjl5470\IGMProfile\Desktop\DirectX11_Starter\DirectX11_Starter\Debug\DirectX11_Starter.exe
     1>Done Building Project "\\banner.main.ad.rit.edu\students\cjl5470\IGMProfile\Desktop\DirectX11_Starter\DirectX11_Starter\DirectX11_Starter\DirectX11_Starter.vcxproj" (Build target(s)).

Build succeeded.

Time Elapsed 00:00:16.00
