\\banner.main.ad.rit.edu\students\cjl5470\igmprofile\desktop\pizza\ggpdirectx\directx11_starter\directx11_starter\directxtk\bin\desktop_2013\win32\debug\directxtk.lib
\\banner.main.ad.rit.edu\students\jar5945\igmprofile\desktop\github\ggpdirectx\directx11_starter\directx11_starter\directxtk\bin\desktop_2013\win32\debug\directxtk.lib
\\banner.main.ad.rit.edu\students\pco1853\igmprofile\desktop\ggpdirectx\directx11_starter\directx11_starter\directxtk\bin\desktop_2013\win32\debug\directxtk.lib
\\banner.main.ad.rit.edu\students\cjl5470\igmprofile\desktop\pizza\ggpdirectx\directx11_starter\directx11_starter\directxtk\bin\desktop_2013\win32\debug\directxtk.pch
\\banner.main.ad.rit.edu\students\cjl5470\igmprofile\desktop\pizza\ggpdirectx\directx11_starter\directx11_starter\directxtk\bin\desktop_2013\win32\debug\directxtk.pdb
\\banner.main.ad.rit.edu\students\cjl5470\igmprofile\desktop\pizza\ggpdirectx\directx11_starter\directx11_starter\directxtk\bin\desktop_2013\win32\debug\directxtk.idb
\\banner.main.ad.rit.edu\students\cjl5470\igmprofile\desktop\pizza\ggpdirectx\directx11_starter\directx11_starter\directxtk\bin\desktop_2013\win32\debug\pch.obj
\\banner.main.ad.rit.edu\students\cjl5470\igmprofile\desktop\pizza\ggpdirectx\directx11_starter\directx11_starter\directxtk\bin\desktop_2013\win32\debug\dgsleffect.obj
\\banner.main.ad.rit.edu\students\cjl5470\igmprofile\desktop\pizza\ggpdirectx\directx11_starter\directx11_starter\directxtk\bin\desktop_2013\win32\debug\dgsleffectfactory.obj
\\banner.main.ad.rit.edu\students\cjl5470\igmprofile\desktop\pizza\ggpdirectx\directx11_starter\directx11_starter\directxtk\bin\desktop_2013\win32\debug\dualtextureeffect.obj
\\banner.main.ad.rit.edu\students\cjl5470\igmprofile\desktop\pizza\ggpdirectx\directx11_starter\directx11_starter\directxtk\bin\desktop_2013\win32\debug\binaryreader.obj
\\banner.main.ad.rit.edu\students\cjl5470\igmprofile\desktop\pizza\ggpdirectx\directx11_starter\directx11_starter\directxtk\bin\desktop_2013\win32\debug\effectcommon.obj
\\banner.main.ad.rit.edu\students\cjl5470\igmprofile\desktop\pizza\ggpdirectx\directx11_starter\directx11_starter\directxtk\bin\desktop_2013\win32\debug\effectfactory.obj
\\banner.main.ad.rit.edu\students\cjl5470\igmprofile\desktop\pizza\ggpdirectx\directx11_starter\directx11_starter\directxtk\bin\desktop_2013\win32\debug\environmentmapeffect.obj
\\banner.main.ad.rit.edu\students\cjl5470\igmprofile\desktop\pizza\ggpdirectx\directx11_starter\directx11_starter\directxtk\bin\desktop_2013\win32\debug\gamepad.obj
\\banner.main.ad.rit.edu\students\cjl5470\igmprofile\desktop\pizza\ggpdirectx\directx11_starter\directx11_starter\directxtk\bin\desktop_2013\win32\debug\geometricprimitive.obj
\\banner.main.ad.rit.edu\students\cjl5470\igmprofile\desktop\pizza\ggpdirectx\directx11_starter\directx11_starter\directxtk\bin\desktop_2013\win32\debug\model.obj
\\banner.main.ad.rit.edu\students\cjl5470\igmprofile\desktop\pizza\ggpdirectx\directx11_starter\directx11_starter\directxtk\bin\desktop_2013\win32\debug\modelloadcmo.obj
\\banner.main.ad.rit.edu\students\cjl5470\igmprofile\desktop\pizza\ggpdirectx\directx11_starter\directx11_starter\directxtk\bin\desktop_2013\win32\debug\modelloadsdkmesh.obj
\\banner.main.ad.rit.edu\students\cjl5470\igmprofile\desktop\pizza\ggpdirectx\directx11_starter\directx11_starter\directxtk\bin\desktop_2013\win32\debug\screengrab.obj
\\banner.main.ad.rit.edu\students\cjl5470\igmprofile\desktop\pizza\ggpdirectx\directx11_starter\directx11_starter\directxtk\bin\desktop_2013\win32\debug\simplemath.obj
\\banner.main.ad.rit.edu\students\cjl5470\igmprofile\desktop\pizza\ggpdirectx\directx11_starter\directx11_starter\directxtk\bin\desktop_2013\win32\debug\skinnedeffect.obj
\\banner.main.ad.rit.edu\students\cjl5470\igmprofile\desktop\pizza\ggpdirectx\directx11_starter\directx11_starter\directxtk\bin\desktop_2013\win32\debug\spritebatch.obj
\\banner.main.ad.rit.edu\students\cjl5470\igmprofile\desktop\pizza\ggpdirectx\directx11_starter\directx11_starter\directxtk\bin\desktop_2013\win32\debug\primitivebatch.obj
\\banner.main.ad.rit.edu\students\cjl5470\igmprofile\desktop\pizza\ggpdirectx\directx11_starter\directx11_starter\directxtk\bin\desktop_2013\win32\debug\spritefont.obj
\\banner.main.ad.rit.edu\students\cjl5470\igmprofile\desktop\pizza\ggpdirectx\directx11_starter\directx11_starter\directxtk\bin\desktop_2013\win32\debug\vertextypes.obj
\\banner.main.ad.rit.edu\students\cjl5470\igmprofile\desktop\pizza\ggpdirectx\directx11_starter\directx11_starter\directxtk\bin\desktop_2013\win32\debug\wictextureloader.obj
\\banner.main.ad.rit.edu\students\cjl5470\igmprofile\desktop\pizza\ggpdirectx\directx11_starter\directx11_starter\directxtk\bin\desktop_2013\win32\debug\alphatesteffect.obj
\\banner.main.ad.rit.edu\students\cjl5470\igmprofile\desktop\pizza\ggpdirectx\directx11_starter\directx11_starter\directxtk\bin\desktop_2013\win32\debug\basiceffect.obj
\\banner.main.ad.rit.edu\students\cjl5470\igmprofile\desktop\pizza\ggpdirectx\directx11_starter\directx11_starter\directxtk\bin\desktop_2013\win32\debug\commonstates.obj
\\banner.main.ad.rit.edu\students\cjl5470\igmprofile\desktop\pizza\ggpdirectx\directx11_starter\directx11_starter\directxtk\bin\desktop_2013\win32\debug\ddstextureloader.obj
\\banner.main.ad.rit.edu\students\jar5945\igmprofile\desktop\github\ggpdirectx\directx11_starter\directx11_starter\directxtk\bin\desktop_2013\win32\debug\directxtk.pch
\\banner.main.ad.rit.edu\students\jar5945\igmprofile\desktop\github\ggpdirectx\directx11_starter\directx11_starter\directxtk\bin\desktop_2013\win32\debug\directxtk.pdb
\\banner.main.ad.rit.edu\students\jar5945\igmprofile\desktop\github\ggpdirectx\directx11_starter\directx11_starter\directxtk\bin\desktop_2013\win32\debug\directxtk.idb
\\banner.main.ad.rit.edu\students\jar5945\igmprofile\desktop\github\ggpdirectx\directx11_starter\directx11_starter\directxtk\bin\desktop_2013\win32\debug\pch.obj
\\banner.main.ad.rit.edu\students\jar5945\igmprofile\desktop\github\ggpdirectx\directx11_starter\directx11_starter\directxtk\bin\desktop_2013\win32\debug\dgsleffect.obj
\\banner.main.ad.rit.edu\students\jar5945\igmprofile\desktop\github\ggpdirectx\directx11_starter\directx11_starter\directxtk\bin\desktop_2013\win32\debug\dgsleffectfactory.obj
\\banner.main.ad.rit.edu\students\jar5945\igmprofile\desktop\github\ggpdirectx\directx11_starter\directx11_starter\directxtk\bin\desktop_2013\win32\debug\dualtextureeffect.obj
\\banner.main.ad.rit.edu\students\jar5945\igmprofile\desktop\github\ggpdirectx\directx11_starter\directx11_starter\directxtk\bin\desktop_2013\win32\debug\binaryreader.obj
\\banner.main.ad.rit.edu\students\jar5945\igmprofile\desktop\github\ggpdirectx\directx11_starter\directx11_starter\directxtk\bin\desktop_2013\win32\debug\effectcommon.obj
\\banner.main.ad.rit.edu\students\jar5945\igmprofile\desktop\github\ggpdirectx\directx11_starter\directx11_starter\directxtk\bin\desktop_2013\win32\debug\effectfactory.obj
\\banner.main.ad.rit.edu\students\jar5945\igmprofile\desktop\github\ggpdirectx\directx11_starter\directx11_starter\directxtk\bin\desktop_2013\win32\debug\environmentmapeffect.obj
\\banner.main.ad.rit.edu\students\jar5945\igmprofile\desktop\github\ggpdirectx\directx11_starter\directx11_starter\directxtk\bin\desktop_2013\win32\debug\gamepad.obj
\\banner.main.ad.rit.edu\students\jar5945\igmprofile\desktop\github\ggpdirectx\directx11_starter\directx11_starter\directxtk\bin\desktop_2013\win32\debug\geometricprimitive.obj
\\banner.main.ad.rit.edu\students\jar5945\igmprofile\desktop\github\ggpdirectx\directx11_starter\directx11_starter\directxtk\bin\desktop_2013\win32\debug\model.obj
\\banner.main.ad.rit.edu\students\jar5945\igmprofile\desktop\github\ggpdirectx\directx11_starter\directx11_starter\directxtk\bin\desktop_2013\win32\debug\modelloadcmo.obj
\\banner.main.ad.rit.edu\students\jar5945\igmprofile\desktop\github\ggpdirectx\directx11_starter\directx11_starter\directxtk\bin\desktop_2013\win32\debug\modelloadsdkmesh.obj
\\banner.main.ad.rit.edu\students\jar5945\igmprofile\desktop\github\ggpdirectx\directx11_starter\directx11_starter\directxtk\bin\desktop_2013\win32\debug\screengrab.obj
\\banner.main.ad.rit.edu\students\jar5945\igmprofile\desktop\github\ggpdirectx\directx11_starter\directx11_starter\directxtk\bin\desktop_2013\win32\debug\simplemath.obj
\\banner.main.ad.rit.edu\students\jar5945\igmprofile\desktop\github\ggpdirectx\directx11_starter\directx11_starter\directxtk\bin\desktop_2013\win32\debug\skinnedeffect.obj
\\banner.main.ad.rit.edu\students\jar5945\igmprofile\desktop\github\ggpdirectx\directx11_starter\directx11_starter\directxtk\bin\desktop_2013\win32\debug\spritebatch.obj
\\banner.main.ad.rit.edu\students\jar5945\igmprofile\desktop\github\ggpdirectx\directx11_starter\directx11_starter\directxtk\bin\desktop_2013\win32\debug\primitivebatch.obj
\\banner.main.ad.rit.edu\students\jar5945\igmprofile\desktop\github\ggpdirectx\directx11_starter\directx11_starter\directxtk\bin\desktop_2013\win32\debug\spritefont.obj
\\banner.main.ad.rit.edu\students\jar5945\igmprofile\desktop\github\ggpdirectx\directx11_starter\directx11_starter\directxtk\bin\desktop_2013\win32\debug\vertextypes.obj
\\banner.main.ad.rit.edu\students\jar5945\igmprofile\desktop\github\ggpdirectx\directx11_starter\directx11_starter\directxtk\bin\desktop_2013\win32\debug\wictextureloader.obj
\\banner.main.ad.rit.edu\students\jar5945\igmprofile\desktop\github\ggpdirectx\directx11_starter\directx11_starter\directxtk\bin\desktop_2013\win32\debug\alphatesteffect.obj
\\banner.main.ad.rit.edu\students\jar5945\igmprofile\desktop\github\ggpdirectx\directx11_starter\directx11_starter\directxtk\bin\desktop_2013\win32\debug\basiceffect.obj
\\banner.main.ad.rit.edu\students\jar5945\igmprofile\desktop\github\ggpdirectx\directx11_starter\directx11_starter\directxtk\bin\desktop_2013\win32\debug\commonstates.obj
\\banner.main.ad.rit.edu\students\jar5945\igmprofile\desktop\github\ggpdirectx\directx11_starter\directx11_starter\directxtk\bin\desktop_2013\win32\debug\ddstextureloader.obj
\\banner.main.ad.rit.edu\students\pco1853\igmprofile\desktop\ggpdirectx\directx11_starter\directx11_starter\directxtk\bin\desktop_2013\win32\debug\directxtk.pch
\\banner.main.ad.rit.edu\students\pco1853\igmprofile\desktop\ggpdirectx\directx11_starter\directx11_starter\directxtk\bin\desktop_2013\win32\debug\directxtk.pdb
\\banner.main.ad.rit.edu\students\pco1853\igmprofile\desktop\ggpdirectx\directx11_starter\directx11_starter\directxtk\bin\desktop_2013\win32\debug\directxtk.idb
\\banner.main.ad.rit.edu\students\pco1853\igmprofile\desktop\ggpdirectx\directx11_starter\directx11_starter\directxtk\bin\desktop_2013\win32\debug\pch.obj
\\banner.main.ad.rit.edu\students\pco1853\igmprofile\desktop\ggpdirectx\directx11_starter\directx11_starter\directxtk\bin\desktop_2013\win32\debug\ddstextureloader.obj
\\banner.main.ad.rit.edu\students\pco1853\igmprofile\desktop\ggpdirectx\directx11_starter\directx11_starter\directxtk\bin\desktop_2013\win32\debug\dgsleffect.obj
\\banner.main.ad.rit.edu\students\pco1853\igmprofile\desktop\ggpdirectx\directx11_starter\directx11_starter\directxtk\bin\desktop_2013\win32\debug\dgsleffectfactory.obj
\\banner.main.ad.rit.edu\students\pco1853\igmprofile\desktop\ggpdirectx\directx11_starter\directx11_starter\directxtk\bin\desktop_2013\win32\debug\dualtextureeffect.obj
\\banner.main.ad.rit.edu\students\pco1853\igmprofile\desktop\ggpdirectx\directx11_starter\directx11_starter\directxtk\bin\desktop_2013\win32\debug\effectcommon.obj
\\banner.main.ad.rit.edu\students\pco1853\igmprofile\desktop\ggpdirectx\directx11_starter\directx11_starter\directxtk\bin\desktop_2013\win32\debug\effectfactory.obj
\\banner.main.ad.rit.edu\students\pco1853\igmprofile\desktop\ggpdirectx\directx11_starter\directx11_starter\directxtk\bin\desktop_2013\win32\debug\environmentmapeffect.obj
\\banner.main.ad.rit.edu\students\pco1853\igmprofile\desktop\ggpdirectx\directx11_starter\directx11_starter\directxtk\bin\desktop_2013\win32\debug\gamepad.obj
\\banner.main.ad.rit.edu\students\pco1853\igmprofile\desktop\ggpdirectx\directx11_starter\directx11_starter\directxtk\bin\desktop_2013\win32\debug\geometricprimitive.obj
\\banner.main.ad.rit.edu\students\pco1853\igmprofile\desktop\ggpdirectx\directx11_starter\directx11_starter\directxtk\bin\desktop_2013\win32\debug\model.obj
\\banner.main.ad.rit.edu\students\pco1853\igmprofile\desktop\ggpdirectx\directx11_starter\directx11_starter\directxtk\bin\desktop_2013\win32\debug\modelloadcmo.obj
\\banner.main.ad.rit.edu\students\pco1853\igmprofile\desktop\ggpdirectx\directx11_starter\directx11_starter\directxtk\bin\desktop_2013\win32\debug\modelloadsdkmesh.obj
\\banner.main.ad.rit.edu\students\pco1853\igmprofile\desktop\ggpdirectx\directx11_starter\directx11_starter\directxtk\bin\desktop_2013\win32\debug\primitivebatch.obj
\\banner.main.ad.rit.edu\students\pco1853\igmprofile\desktop\ggpdirectx\directx11_starter\directx11_starter\directxtk\bin\desktop_2013\win32\debug\screengrab.obj
\\banner.main.ad.rit.edu\students\pco1853\igmprofile\desktop\ggpdirectx\directx11_starter\directx11_starter\directxtk\bin\desktop_2013\win32\debug\simplemath.obj
\\banner.main.ad.rit.edu\students\pco1853\igmprofile\desktop\ggpdirectx\directx11_starter\directx11_starter\directxtk\bin\desktop_2013\win32\debug\skinnedeffect.obj
\\banner.main.ad.rit.edu\students\pco1853\igmprofile\desktop\ggpdirectx\directx11_starter\directx11_starter\directxtk\bin\desktop_2013\win32\debug\spritebatch.obj
\\banner.main.ad.rit.edu\students\pco1853\igmprofile\desktop\ggpdirectx\directx11_starter\directx11_starter\directxtk\bin\desktop_2013\win32\debug\spritefont.obj
\\banner.main.ad.rit.edu\students\pco1853\igmprofile\desktop\ggpdirectx\directx11_starter\directx11_starter\directxtk\bin\desktop_2013\win32\debug\vertextypes.obj
\\banner.main.ad.rit.edu\students\pco1853\igmprofile\desktop\ggpdirectx\directx11_starter\directx11_starter\directxtk\bin\desktop_2013\win32\debug\wictextureloader.obj
\\banner.main.ad.rit.edu\students\pco1853\igmprofile\desktop\ggpdirectx\directx11_starter\directx11_starter\directxtk\bin\desktop_2013\win32\debug\alphatesteffect.obj
\\banner.main.ad.rit.edu\students\pco1853\igmprofile\desktop\ggpdirectx\directx11_starter\directx11_starter\directxtk\bin\desktop_2013\win32\debug\basiceffect.obj
\\banner.main.ad.rit.edu\students\pco1853\igmprofile\desktop\ggpdirectx\directx11_starter\directx11_starter\directxtk\bin\desktop_2013\win32\debug\binaryreader.obj
\\banner.main.ad.rit.edu\students\pco1853\igmprofile\desktop\ggpdirectx\directx11_starter\directx11_starter\directxtk\bin\desktop_2013\win32\debug\commonstates.obj
\\banner.main.ad.rit.edu\students\pco1853\igmprofile\desktop\ggpdirectx\directx11_starter\directx11_starter\directxtk\bin\desktop_2013\win32\debug\directxt.e0b52ae7.tlog\cl.command.1.tlog
\\banner.main.ad.rit.edu\students\pco1853\igmprofile\desktop\ggpdirectx\directx11_starter\directx11_starter\directxtk\bin\desktop_2013\win32\debug\directxt.e0b52ae7.tlog\lib.command.1.tlog
\\banner.main.ad.rit.edu\students\pco1853\igmprofile\desktop\ggpdirectx\directx11_starter\directx11_starter\directxtk\bin\desktop_2013\win32\debug\directxt.e0b52ae7.tlog\cl.read.1.tlog
\\banner.main.ad.rit.edu\students\pco1853\igmprofile\desktop\ggpdirectx\directx11_starter\directx11_starter\directxtk\bin\desktop_2013\win32\debug\directxt.e0b52ae7.tlog\lib.read.1.tlog
\\banner.main.ad.rit.edu\students\pco1853\igmprofile\desktop\ggpdirectx\directx11_starter\directx11_starter\directxtk\bin\desktop_2013\win32\debug\directxt.e0b52ae7.tlog\lib-link.write.1.tlog
\\banner.main.ad.rit.edu\students\pco1853\igmprofile\desktop\ggpdirectx\directx11_starter\directx11_starter\directxtk\bin\desktop_2013\win32\debug\directxt.e0b52ae7.tlog\cl.write.1.tlog
