Build started 12/14/2014 8:05:41 PM.
     1>Project "\\banner.main.ad.rit.edu\students\jar5945\IGMProfile\Desktop\DirectX11_Starter\DirectX11_Starter\DirectX11_Starter.vcxproj" on node 2 (Build target(s)).
     1>FxCompile:
         C:\Program Files (x86)\Windows Kits\8.1\bin\x86\fxc.exe /nologo /E"main" /T gs_4_0 /Fo "\\banner.main.ad.rit.edu\students\jar5945\IGMProfile\Desktop\DirectX11_Starter\Debug\GeometryShader.cso" /Od /Zi GeometryShader.hlsl 
         compilation object save succeeded; see \\banner.main.ad.rit.edu\students\jar5945\IGMProfile\Desktop\DirectX11_Starter\Debug\GeometryShader.cso
         C:\Program Files (x86)\Windows Kits\8.1\bin\x86\fxc.exe /nologo /E"main" /T vs_4_0_level_9_1 /Fo "\\banner.main.ad.rit.edu\students\jar5945\IGMProfile\Desktop\DirectX11_Starter\Debug\PostProcessVertexShader.cso" /Od /Zi PostProcessVertexShader.hlsl 
         compilation object save succeeded; see \\banner.main.ad.rit.edu\students\jar5945\IGMProfile\Desktop\DirectX11_Starter\Debug\PostProcessVertexShader.cso
         C:\Program Files (x86)\Windows Kits\8.1\bin\x86\fxc.exe /nologo /E"main" /T ps_4_0_level_9_1 /Fo "\\banner.main.ad.rit.edu\students\jar5945\IGMProfile\Desktop\DirectX11_Starter\Debug\PhongPixel.cso" /Od /Zi Shaders\PhongPixel.hlsl 
         compilation object save succeeded; see \\banner.main.ad.rit.edu\students\jar5945\IGMProfile\Desktop\DirectX11_Starter\Debug\PhongPixel.cso
       ClCompile:
         C:\Program Files (x86)\Microsoft Visual Studio 12.0\VC\bin\CL.exe /c /I\\banner.main.ad.rit.edu\students\jar5945\IGMProfile\Desktop\DirectX11_Starter\\DirectXTK\inc /ZI /nologo /W3 /WX- /sdl /Od /Oy- /D _UNICODE /D UNICODE /Gm /EHsc /RTC1 /MDd /GS /fp:precise /Zc:wchar_t /Zc:forScope /Fo"Debug\\" /Fd"Debug\vc120.pdb" /Gd /TP /analyze- /errorReport:prompt ParticleSystem.cpp
         ParticleSystem.cpp
       Link:
         C:\Program Files (x86)\Microsoft Visual Studio 12.0\VC\bin\link.exe /ERRORREPORT:PROMPT /OUT:"\\banner.main.ad.rit.edu\students\jar5945\IGMProfile\Desktop\DirectX11_Starter\Debug\DirectX11_Starter.exe" /INCREMENTAL /NOLOGO d3d11.lib d3dcompiler.lib FW1FontWrapper.lib irrKlang.lib kernel32.lib user32.lib gdi32.lib winspool.lib comdlg32.lib advapi32.lib shell32.lib ole32.lib oleaut32.lib uuid.lib odbc32.lib odbccp32.lib /MANIFEST /MANIFESTUAC:"level='asInvoker' uiAccess='false'" /manifest:embed /DEBUG /PDB:"\\banner.main.ad.rit.edu\students\jar5945\IGMProfile\Desktop\DirectX11_Starter\Debug\DirectX11_Starter.pdb" /TLBID:1 /DYNAMICBASE /NXCOMPAT /IMPLIB:"\\banner.main.ad.rit.edu\students\jar5945\IGMProfile\Desktop\DirectX11_Starter\Debug\DirectX11_Starter.lib" /MACHINE:X86 /PROFILE Debug\Asteroid.obj
         Debug\Camera.obj
         Debug\Collectable.obj
         Debug\ConstantBuffer.obj
         Debug\Game.obj
         Debug\GameEntity.obj
         Debug\healthPickup.obj
         Debug\LightHelper.obj
         Debug\Material.obj
         Debug\Mesh.obj
         Debug\MyDemoGame.obj
         Debug\dxerr.obj
         Debug\DirectXGame.obj
         Debug\GameTimer.obj
         Debug\ObjectLoader.obj
         Debug\ParticleSystem.obj
         Debug\Player.obj
         Debug\Projectile.obj
         Debug\RenderTextureClass.obj
         Debug\SamplerState.obj
         Debug\ShaderProgram.obj
         Debug\State.obj
         Debug\StateManager.obj
         \\banner.main.ad.rit.edu\students\jar5945\IGMProfile\Desktop\DirectX11_Starter\DirectXTK\Bin\Desktop_2013\Win32\Debug\DirectXTK.lib
     1>LINK : warning LNK4075: ignoring '/INCREMENTAL' due to '/PROFILE' specification
     1>Asteroid.obj : warning LNK4075: ignoring '/EDITANDCONTINUE' due to '/OPT:LBR' specification
         DirectX11_Starter.vcxproj -> \\banner.main.ad.rit.edu\students\jar5945\IGMProfile\Desktop\DirectX11_Starter\Debug\DirectX11_Starter.exe
     1>Done Building Project "\\banner.main.ad.rit.edu\students\jar5945\IGMProfile\Desktop\DirectX11_Starter\DirectX11_Starter\DirectX11_Starter.vcxproj" (Build target(s)).

Build succeeded.

Time Elapsed 00:00:10.00
